{"total": {"lines":{"total":535,"covered":435,"skipped":0,"pct":81.3},"statements":{"total":624,"covered":498,"skipped":0,"pct":79.8},"functions":{"total":117,"covered":79,"skipped":0,"pct":67.52},"branches":{"total":374,"covered":309,"skipped":0,"pct":82.62},"branchesTrue":{"total":0,"covered":0,"skipped":0,"pct":"Unknown"}}
,"/home/marlburrow/pinchchat/src/lib/autoFormat.ts": {"lines":{"total":48,"covered":43,"skipped":0,"pct":89.58},"functions":{"total":6,"covered":6,"skipped":0,"pct":100},"statements":{"total":66,"covered":61,"skipped":0,"pct":92.42},"branches":{"total":75,"covered":68,"skipped":0,"pct":90.66}}
,"/home/marlburrow/pinchchat/src/lib/clipboard.ts": {"lines":{"total":18,"covered":18,"skipped":0,"pct":100},"functions":{"total":1,"covered":1,"skipped":0,"pct":100},"statements":{"total":18,"covered":18,"skipped":0,"pct":100},"branches":{"total":2,"covered":2,"skipped":0,"pct":100}}
,"/home/marlburrow/pinchchat/src/lib/credentials.ts": {"lines":{"total":9,"covered":9,"skipped":0,"pct":100},"functions":{"total":3,"covered":3,"skipped":0,"pct":100},"statements":{"total":11,"covered":11,"skipped":0,"pct":100},"branches":{"total":9,"covered":8,"skipped":0,"pct":88.88}}
,"/home/marlburrow/pinchchat/src/lib/deviceIdentity.ts": {"lines":{"total":63,"covered":10,"skipped":0,"pct":15.87},"functions":{"total":22,"covered":1,"skipped":0,"pct":4.54},"statements":{"total":71,"covered":11,"skipped":0,"pct":15.49},"branches":{"total":12,"covered":7,"skipped":0,"pct":58.33}}
,"/home/marlburrow/pinchchat/src/lib/exportChat.ts": {"lines":{"total":41,"covered":32,"skipped":0,"pct":78.04},"functions":{"total":2,"covered":1,"skipped":0,"pct":50},"statements":{"total":41,"covered":32,"skipped":0,"pct":78.04},"branches":{"total":26,"covered":24,"skipped":0,"pct":92.3}}
,"/home/marlburrow/pinchchat/src/lib/gateway.ts": {"lines":{"total":105,"covered":105,"skipped":0,"pct":100},"functions":{"total":25,"covered":24,"skipped":0,"pct":96},"statements":{"total":127,"covered":117,"skipped":0,"pct":92.12},"branches":{"total":77,"covered":61,"skipped":0,"pct":79.22}}
,"/home/marlburrow/pinchchat/src/lib/highlight.ts": {"lines":{"total":31,"covered":31,"skipped":0,"pct":100},"functions":{"total":0,"covered":0,"skipped":0,"pct":100},"statements":{"total":31,"covered":31,"skipped":0,"pct":100},"branches":{"total":0,"covered":0,"skipped":0,"pct":100}}
,"/home/marlburrow/pinchchat/src/lib/historyParser.ts": {"lines":{"total":44,"covered":42,"skipped":0,"pct":95.45},"functions":{"total":7,"covered":7,"skipped":0,"pct":100},"statements":{"total":48,"covered":45,"skipped":0,"pct":93.75},"branches":{"total":64,"covered":48,"skipped":0,"pct":75}}
,"/home/marlburrow/pinchchat/src/lib/i18n.ts": {"lines":{"total":35,"covered":34,"skipped":0,"pct":97.14},"functions":{"total":7,"covered":7,"skipped":0,"pct":100},"statements":{"total":44,"covered":41,"skipped":0,"pct":93.18},"branches":{"total":25,"covered":18,"skipped":0,"pct":72}}
,"/home/marlburrow/pinchchat/src/lib/image.ts": {"lines":{"total":3,"covered":3,"skipped":0,"pct":100},"functions":{"total":1,"covered":1,"skipped":0,"pct":100},"statements":{"total":5,"covered":5,"skipped":0,"pct":100},"branches":{"total":4,"covered":4,"skipped":0,"pct":100}}
,"/home/marlburrow/pinchchat/src/lib/messageCache.ts": {"lines":{"total":37,"covered":12,"skipped":0,"pct":32.43},"functions":{"total":17,"covered":4,"skipped":0,"pct":23.52},"statements":{"total":46,"covered":15,"skipped":0,"pct":32.6},"branches":{"total":10,"covered":6,"skipped":0,"pct":60}}
,"/home/marlburrow/pinchchat/src/lib/messageExtract.ts": {"lines":{"total":14,"covered":14,"skipped":0,"pct":100},"functions":{"total":6,"covered":6,"skipped":0,"pct":100},"statements":{"total":18,"covered":18,"skipped":0,"pct":100},"branches":{"total":15,"covered":15,"skipped":0,"pct":100}}
,"/home/marlburrow/pinchchat/src/lib/notificationSound.ts": {"lines":{"total":27,"covered":27,"skipped":0,"pct":100},"functions":{"total":3,"covered":3,"skipped":0,"pct":100},"statements":{"total":28,"covered":28,"skipped":0,"pct":100},"branches":{"total":9,"covered":7,"skipped":0,"pct":77.77}}
,"/home/marlburrow/pinchchat/src/lib/relativeTime.ts": {"lines":{"total":13,"covered":13,"skipped":0,"pct":100},"functions":{"total":1,"covered":1,"skipped":0,"pct":100},"statements":{"total":18,"covered":18,"skipped":0,"pct":100},"branches":{"total":10,"covered":10,"skipped":0,"pct":100}}
,"/home/marlburrow/pinchchat/src/lib/sessionName.ts": {"lines":{"total":22,"covered":22,"skipped":0,"pct":100},"functions":{"total":6,"covered":6,"skipped":0,"pct":100},"statements":{"total":25,"covered":25,"skipped":0,"pct":100},"branches":{"total":20,"covered":19,"skipped":0,"pct":95}}
,"/home/marlburrow/pinchchat/src/lib/slashUtils.ts": {"lines":{"total":2,"covered":2,"skipped":0,"pct":100},"functions":{"total":1,"covered":1,"skipped":0,"pct":100},"statements":{"total":2,"covered":2,"skipped":0,"pct":100},"branches":{"total":3,"covered":3,"skipped":0,"pct":100}}
,"/home/marlburrow/pinchchat/src/lib/systemEvent.ts": {"lines":{"total":19,"covered":14,"skipped":0,"pct":73.68},"functions":{"total":6,"covered":4,"skipped":0,"pct":66.66},"statements":{"total":21,"covered":16,"skipped":0,"pct":76.19},"branches":{"total":12,"covered":8,"skipped":0,"pct":66.66}}
,"/home/marlburrow/pinchchat/src/lib/utils.ts": {"lines":{"total":4,"covered":4,"skipped":0,"pct":100},"functions":{"total":3,"covered":3,"skipped":0,"pct":100},"statements":{"total":4,"covered":4,"skipped":0,"pct":100},"branches":{"total":1,"covered":1,"skipped":0,"pct":100}}
}
